0 info it worked if it ends with ok
1 verbose cli [ 'D:\\node-install\\node.exe',
1 verbose cli   'D:\\node-install\\node_modules\\npm\\bin\\npm-cli.js',
1 verbose cli   'start' ]
2 info using npm@3.6.0
3 info using node@v5.7.0
4 verbose run-script [ 'prestart', 'start', 'poststart' ]
5 info lifecycle express_website@1.0.0~prestart: express_website@1.0.0
6 silly lifecycle express_website@1.0.0~prestart: no script for prestart, continuing
7 info lifecycle express_website@1.0.0~start: express_website@1.0.0
8 verbose lifecycle express_website@1.0.0~start: unsafe-perm in lifecycle true
9 verbose lifecycle express_website@1.0.0~start: PATH: D:\node-install\node_modules\npm\bin\node-gyp-bin;G:\nodejs实战\nodejs10\node-3\express_website\node_modules\.bin;C:\Users\zhouyufei\bin;D:\git\gitbash2\Git\mingw64\bin;D:\git\gitbash2\Git\usr\local\bin;D:\git\gitbash2\Git\usr\bin;D:\git\gitbash2\Git\usr\bin;D:\git\gitbash2\Git\mingw64\bin;D:\git\gitbash2\Git\usr\bin;C:\Users\zhouyufei\bin;C:\Program Files (x86)\NVIDIA Corporation\PhysX\Common;C:\WINDOWS\system32;C:\WINDOWS;C:\WINDOWS\System32\Wbem;C:\WINDOWS\System32\WindowsPowerShell\v1.0;D:\bracket\install\command;D:\node-install;D:\appserv\install\AppServ\Apache2.2\bin;D:\appserv\install\AppServ\php5;D:\appserv\install\AppServ\MySQL\bin;C:\Users\zhouyufei\AppData\Local\atom\bin;C:\Users\zhouyufei\AppData\Roaming\npm;D:\git\gitbash2\Git\usr\bin\vendor_perl;D:\git\gitbash2\Git\usr\bin\core_perl
10 verbose lifecycle express_website@1.0.0~start: CWD: G:\nodejs实战\nodejs10\node-3\express_website
11 silly lifecycle express_website@1.0.0~start: Args: [ '/d /s /c', 'node ./bin/www' ]
12 silly lifecycle express_website@1.0.0~start: Returned: code: 1  signal: null
13 info lifecycle express_website@1.0.0~start: Failed to exec start script
14 verbose stack Error: express_website@1.0.0 start: `node ./bin/www`
14 verbose stack Exit status 1
14 verbose stack     at EventEmitter.<anonymous> (D:\node-install\node_modules\npm\lib\utils\lifecycle.js:232:16)
14 verbose stack     at emitTwo (events.js:100:13)
14 verbose stack     at EventEmitter.emit (events.js:185:7)
14 verbose stack     at ChildProcess.<anonymous> (D:\node-install\node_modules\npm\lib\utils\spawn.js:24:14)
14 verbose stack     at emitTwo (events.js:100:13)
14 verbose stack     at ChildProcess.emit (events.js:185:7)
14 verbose stack     at maybeClose (internal/child_process.js:827:16)
14 verbose stack     at Process.ChildProcess._handle.onexit (internal/child_process.js:211:5)
15 verbose pkgid express_website@1.0.0
16 verbose cwd G:\nodejs实战\nodejs10\node-3\express_website
17 error Windows_NT 10.0.10586
18 error argv "D:\\node-install\\node.exe" "D:\\node-install\\node_modules\\npm\\bin\\npm-cli.js" "start"
19 error node v5.7.0
20 error npm  v3.6.0
21 error code ELIFECYCLE
22 error express_website@1.0.0 start: `node ./bin/www`
22 error Exit status 1
23 error Failed at the express_website@1.0.0 start script 'node ./bin/www'.
23 error Make sure you have the latest version of node.js and npm installed.
23 error If you do, this is most likely a problem with the express_website package,
23 error not with npm itself.
23 error Tell the author that this fails on your system:
23 error     node ./bin/www
23 error You can get information on how to open an issue for this project with:
23 error     npm bugs express_website
23 error Or if that isn't available, you can get their info via:
23 error     npm owner ls express_website
23 error There is likely additional logging output above.
24 verbose exit [ 1, true ]
